<?xml version="1.0" encoding="UTF-8"?>
<testng-results total="3" passed="3" failed="0" skipped="0">
  <reporter-output>
  </reporter-output>
  <suite started-at="2021-11-04T19:09:41Z" name="Default suite" finished-at="2021-11-04T19:10:11Z" duration-ms="29149">
    <groups>
    </groups>
    <test started-at="2021-11-04T19:09:41Z" name="Default test" finished-at="2021-11-04T19:10:11Z" duration-ms="29149">
      <class name="gr1.ar1.Test3">
        <test-method is-config="true" signature="setup()[pri:0, instance:gr1.ar1.Test3@34158c08]" started-at="2021-11-04T21:09:41Z" name="setup" finished-at="2021-11-04T21:09:48Z" duration-ms="6291" status="PASS">
          <reporter-output>
          </reporter-output>
        </test-method> <!-- setup -->
        <test-method signature="testRegister(java.lang.String, java.lang.String, java.lang.String, java.lang.String, java.lang.String, java.lang.String)[pri:0, instance:gr1.ar1.Test3@34158c08]" started-at="2021-11-04T21:09:48Z" name="testRegister" data-provider="RegisterData" finished-at="2021-11-04T21:09:55Z" duration-ms="6554" status="PASS">
          <params>
            <param index="0">
              <value>
                <![CDATA[login1]]>
              </value>
            </param>
            <param index="1">
              <value>
                <![CDATA[123qwer_]]>
              </value>
            </param>
            <param index="2">
              <value>
                <![CDATA[fname1]]>
              </value>
            </param>
            <param index="3">
              <value>
                <![CDATA[lname1]]>
              </value>
            </param>
            <param index="4">
              <value>
                <![CDATA[mail1@mail.com]]>
              </value>
            </param>
            <param index="5">
              <value>
                <![CDATA[nick1]]>
              </value>
            </param>
          </params>
          <reporter-output>
          </reporter-output>
        </test-method> <!-- testRegister -->
        <test-method signature="testRegister(java.lang.String, java.lang.String, java.lang.String, java.lang.String, java.lang.String, java.lang.String)[pri:0, instance:gr1.ar1.Test3@34158c08]" started-at="2021-11-04T21:09:55Z" name="testRegister" data-provider="RegisterData" finished-at="2021-11-04T21:10:03Z" duration-ms="7614" status="PASS">
          <params>
            <param index="0">
              <value>
                <![CDATA[login2]]>
              </value>
            </param>
            <param index="1">
              <value>
                <![CDATA[1231qwert_]]>
              </value>
            </param>
            <param index="2">
              <value>
                <![CDATA[fname2]]>
              </value>
            </param>
            <param index="3">
              <value>
                <![CDATA[lname2]]>
              </value>
            </param>
            <param index="4">
              <value>
                <![CDATA[mail2il.com]]>
              </value>
            </param>
            <param index="5">
              <value>
                <![CDATA[nick2]]>
              </value>
            </param>
          </params>
          <reporter-output>
          </reporter-output>
        </test-method> <!-- testRegister -->
        <test-method signature="testRegister(java.lang.String, java.lang.String, java.lang.String, java.lang.String, java.lang.String, java.lang.String)[pri:0, instance:gr1.ar1.Test3@34158c08]" started-at="2021-11-04T21:10:03Z" name="testRegister" data-provider="RegisterData" finished-at="2021-11-04T21:10:10Z" duration-ms="7889" status="PASS">
          <params>
            <param index="0">
              <value>
                <![CDATA[login3]]>
              </value>
            </param>
            <param index="1">
              <value>
                <![CDATA[123qwe_]]>
              </value>
            </param>
            <param index="2">
              <value>
                <![CDATA[fname3]]>
              </value>
            </param>
            <param index="3">
              <value>
                <![CDATA[lname3]]>
              </value>
            </param>
            <param index="4">
              <value>
                <![CDATA[mail3@mail.com]]>
              </value>
            </param>
            <param index="5">
              <value>
                <![CDATA[nick3]]>
              </value>
            </param>
          </params>
          <reporter-output>
          </reporter-output>
        </test-method> <!-- testRegister -->
        <test-method is-config="true" signature="end()[pri:0, instance:gr1.ar1.Test3@34158c08]" started-at="2021-11-04T21:10:10Z" name="end" finished-at="2021-11-04T21:10:11Z" duration-ms="189" status="PASS">
          <reporter-output>
          </reporter-output>
        </test-method> <!-- end -->
      </class> <!-- gr1.ar1.Test3 -->
    </test> <!-- Default test -->
  </suite> <!-- Default suite -->
</testng-results>
