<?xml version="1.0" encoding="UTF-8"?>
<testng-results total="1" passed="1" failed="0" skipped="0">
  <reporter-output>
  </reporter-output>
  <suite started-at="2021-11-07T10:29:00Z" name="Default suite" finished-at="2021-11-07T10:29:10Z" duration-ms="10324">
    <groups>
    </groups>
    <test started-at="2021-11-07T10:29:00Z" name="Default test" finished-at="2021-11-07T10:29:10Z" duration-ms="10324">
      <class name="gr1.ar1.Test2">
        <test-method is-config="true" signature="setup()[pri:0, instance:gr1.ar1.Test2@336f1079]" started-at="2021-11-07T12:29:00Z" name="setup" finished-at="2021-11-07T12:29:07Z" duration-ms="6587" status="PASS">
          <reporter-output>
          </reporter-output>
        </test-method> <!-- setup -->
        <test-method signature="testLogin()[pri:0, instance:gr1.ar1.Test2@336f1079]" started-at="2021-11-07T12:29:07Z" name="testLogin" finished-at="2021-11-07T12:29:10Z" duration-ms="3444" status="PASS">
          <reporter-output>
          </reporter-output>
        </test-method> <!-- testLogin -->
        <test-method is-config="true" signature="end()[pri:0, instance:gr1.ar1.Test2@336f1079]" started-at="2021-11-07T12:29:10Z" name="end" finished-at="2021-11-07T12:29:10Z" duration-ms="281" status="PASS">
          <reporter-output>
          </reporter-output>
        </test-method> <!-- end -->
      </class> <!-- gr1.ar1.Test2 -->
    </test> <!-- Default test -->
  </suite> <!-- Default suite -->
</testng-results>
